Connecting to database specified by database.yml
Connecting to database specified by database.yml
Connecting to database specified by database.yml
Connecting to database specified by database.yml
  [1m[36m (0.4ms)[0m  [1mselect sqlite_version(*)[0m
  [1m[35m (65.0ms)[0m  CREATE TABLE "schema_migrations" ("version" varchar(255) NOT NULL) 
  [1m[36m (0.1ms)[0m  [1mPRAGMA index_list("schema_migrations")[0m
  [1m[35m (21.3ms)[0m  CREATE UNIQUE INDEX "unique_schema_migrations" ON "schema_migrations" ("version")
  [1m[36m (8.0ms)[0m  [1mSELECT "schema_migrations"."version" FROM "schema_migrations" [0m
Migrating to CreateTiporubricas (20121009171328)
  [1m[35m (0.1ms)[0m  begin transaction
  [1m[36m (6.7ms)[0m  [1mCREATE TABLE "tiporubricas" ("id" INTEGER PRIMARY KEY AUTOINCREMENT NOT NULL, "definicao" varchar(255), "created_at" datetime NOT NULL, "updated_at" datetime NOT NULL) [0m
  [1m[35m (0.8ms)[0m  INSERT INTO "schema_migrations" ("version") VALUES ('20121009171328')
  [1m[36m (52.7ms)[0m  [1mcommit transaction[0m
  [1m[35m (5.2ms)[0m  select sqlite_version(*)
  [1m[36m (0.2ms)[0m  [1mSELECT "schema_migrations"."version" FROM "schema_migrations" [0m
  [1m[35m (0.1ms)[0m  PRAGMA index_list("tiporubricas")
  [1m[36m (0.2ms)[0m  [1mSELECT "schema_migrations"."version" FROM "schema_migrations" [0m
  [1m[35m (0.5ms)[0m  select sqlite_version(*)
  [1m[36m (40.2ms)[0m  [1mCREATE TABLE "tiporubricas" ("id" INTEGER PRIMARY KEY AUTOINCREMENT NOT NULL, "definicao" varchar(255), "created_at" datetime NOT NULL, "updated_at" datetime NOT NULL) [0m
  [1m[35m (28.5ms)[0m  CREATE TABLE "schema_migrations" ("version" varchar(255) NOT NULL) 
  [1m[36m (0.1ms)[0m  [1mPRAGMA index_list("schema_migrations")[0m
  [1m[35m (21.6ms)[0m  CREATE UNIQUE INDEX "unique_schema_migrations" ON "schema_migrations" ("version")
  [1m[36m (0.2ms)[0m  [1mSELECT version FROM "schema_migrations"[0m
  [1m[35m (36.4ms)[0m  INSERT INTO "schema_migrations" (version) VALUES ('20121009171328')
Connecting to database specified by database.yml
Connecting to database specified by database.yml
  [1m[36m (0.2ms)[0m  [1mSELECT "schema_migrations"."version" FROM "schema_migrations" [0m
Migrating to CreateTiporubricas (20121009171328)
Migrating to CreateTabelagerals (20121009175246)
  [1m[35m (0.1ms)[0m  select sqlite_version(*)
  [1m[36m (5.0ms)[0m  [1mbegin transaction[0m
  [1m[35m (2.6ms)[0m  CREATE TABLE "tabelagerals" ("id" INTEGER PRIMARY KEY AUTOINCREMENT NOT NULL, "valor_entrada" float, "valor_saida" float, "ano" integer, "created_at" datetime NOT NULL, "updated_at" datetime NOT NULL) 
  [1m[36m (0.2ms)[0m  [1mINSERT INTO "schema_migrations" ("version") VALUES ('20121009175246')[0m
  [1m[35m (78.2ms)[0m  commit transaction
  [1m[36m (0.7ms)[0m  [1mselect sqlite_version(*)[0m
  [1m[35m (0.6ms)[0m  SELECT "schema_migrations"."version" FROM "schema_migrations" 
  [1m[36m (0.1ms)[0m  [1mPRAGMA index_list("tabelagerals")[0m
  [1m[35m (0.1ms)[0m  PRAGMA index_list("tiporubricas")
  [1m[36m (0.2ms)[0m  [1mSELECT "schema_migrations"."version" FROM "schema_migrations" [0m
  [1m[35m (0.4ms)[0m  select sqlite_version(*)
  [1m[36m (32.4ms)[0m  [1mCREATE TABLE "tabelagerals" ("id" INTEGER PRIMARY KEY AUTOINCREMENT NOT NULL, "valor_entrada" float, "valor_saida" float, "ano" integer, "created_at" datetime NOT NULL, "updated_at" datetime NOT NULL) [0m
  [1m[35m (20.0ms)[0m  CREATE TABLE "tiporubricas" ("id" INTEGER PRIMARY KEY AUTOINCREMENT NOT NULL, "definicao" varchar(255), "created_at" datetime NOT NULL, "updated_at" datetime NOT NULL) 
  [1m[36m (19.5ms)[0m  [1mCREATE TABLE "schema_migrations" ("version" varchar(255) NOT NULL) [0m
  [1m[35m (0.1ms)[0m  PRAGMA index_list("schema_migrations")
  [1m[36m (18.1ms)[0m  [1mCREATE UNIQUE INDEX "unique_schema_migrations" ON "schema_migrations" ("version")[0m
  [1m[35m (0.2ms)[0m  SELECT version FROM "schema_migrations"
  [1m[36m (18.4ms)[0m  [1mINSERT INTO "schema_migrations" (version) VALUES ('20121009175246')[0m
  [1m[35m (31.4ms)[0m  INSERT INTO "schema_migrations" (version) VALUES ('20121009171328')
